0 info it worked if it ends with ok
1 verbose cli [ '/usr/local/bin/node', '/usr/local/bin/npm', 'publish' ]
2 info using npm@3.3.9
3 info using node@v5.0.0
4 verbose publish [ '.' ]
5 silly cache add args [ '.', null ]
6 verbose cache add spec .
7 silly cache add parsed spec Result {
7 silly cache add   raw: '.',
7 silly cache add   scope: null,
7 silly cache add   name: null,
7 silly cache add   rawSpec: '.',
7 silly cache add   spec: '/Users/staging/Desktop/web_/nodejs/npm/localhost-server',
7 silly cache add   type: 'directory' }
8 verbose addLocalDirectory /Users/staging/.npm/localhost-server/1.7.0/package.tgz not in flight; packing
9 info lifecycle localhost-server@1.7.0~prepublish: localhost-server@1.7.0
10 silly lifecycle localhost-server@1.7.0~prepublish: no script for prepublish, continuing
11 verbose tar pack [ '/Users/staging/.npm/localhost-server/1.7.0/package.tgz',
11 verbose tar pack   '/Users/staging/Desktop/web_/nodejs/npm/localhost-server' ]
12 verbose tarball /Users/staging/.npm/localhost-server/1.7.0/package.tgz
13 verbose folder /Users/staging/Desktop/web_/nodejs/npm/localhost-server
14 verbose addLocalTarball adding from inside cache /Users/staging/.npm/localhost-server/1.7.0/package.tgz
15 silly cache afterAdd localhost-server@1.7.0
16 verbose afterAdd /Users/staging/.npm/localhost-server/1.7.0/package/package.json not in flight; writing
17 verbose afterAdd /Users/staging/.npm/localhost-server/1.7.0/package/package.json written
18 silly publish { name: 'localhost-server',
18 silly publish   version: '1.7.0',
18 silly publish   description: '[![NPM](https://nodei.co/npm/localhost-server.png)](https://www.npmjs.com/package/localhost-server)',
18 silly publish   main: 'index.js',
18 silly publish   scripts: { test: 'echo "Error: no test specified" && exit 1' },
18 silly publish   author: { name: 'Peter Chang', email: 'wahengchang@gmail.com' },
18 silly publish   license: 'ISC',
18 silly publish   preferGlobal: true,
18 silly publish   bin: { 'localhost-server': 'index.js' },
18 silly publish   repository:
18 silly publish    { type: 'git',
18 silly publish      url: 'git+ssh://git@github.com/wahengchang/localhost-server.git' },
18 silly publish   dependencies: { 'node-static': '^0.7.7' },
18 silly publish   readme: '# localhost-server\n\n[![NPM](https://nodei.co/npm/localhost-server.png)](https://www.npmjs.com/package/localhost-server)\n\nA localhost http web server command tool, which creates a localhost:8080/file.html connect locally.\n\n## Install\n\n```\n$ npm install -g localhost-server\n\n```\n\n\n## Usage\n\n```\n// /folder\n//      file.html\n\n$ localhost-server file.html\n\n```\n\n```\n//Local server create successed\n//Open localhost:8080/file.html\n\nServer starteds: localhost:8080\n\n```\n\n## License\n\n\n[MIT](http://vjpr.mit-license.org)',
18 silly publish   readmeFilename: 'README.md',
18 silly publish   gitHead: '8a0c8a7a1d1d85fb0bd47e58eb5baac7c8e2b949',
18 silly publish   bugs: { url: 'https://github.com/wahengchang/localhost-server/issues' },
18 silly publish   homepage: 'https://github.com/wahengchang/localhost-server#readme',
18 silly publish   _id: 'localhost-server@1.7.0',
18 silly publish   _shasum: 'ec3fc0cc2f9c71621edb840e7e018c66be7c9c2c',
18 silly publish   _from: '.' }
19 verbose getPublishConfig undefined
20 silly mapToRegistry name localhost-server
21 silly mapToRegistry using default registry
22 silly mapToRegistry registry https://registry.npmjs.org/
23 silly mapToRegistry uri https://registry.npmjs.org/localhost-server
24 verbose publish registryBase https://registry.npmjs.org/
25 silly publish uploading /Users/staging/.npm/localhost-server/1.7.0/package.tgz
26 verbose request uri https://registry.npmjs.org/localhost-server
27 verbose request sending authorization for write operation
28 info attempt registry request try #1 at 3:36:58 PM
29 verbose request using bearer token for auth
30 verbose request id aa2f164131c749c8
31 http request PUT https://registry.npmjs.org/localhost-server
32 http 403 https://registry.npmjs.org/localhost-server
33 verbose headers { 'content-type': 'application/json',
33 verbose headers   'cache-control': 'max-age=300',
33 verbose headers   'content-length': '95',
33 verbose headers   'accept-ranges': 'bytes',
33 verbose headers   date: 'Mon, 30 May 2016 07:36:59 GMT',
33 verbose headers   via: '1.1 varnish',
33 verbose headers   connection: 'keep-alive',
33 verbose headers   'x-served-by': 'cache-sin6926-SIN',
33 verbose headers   'x-cache': 'MISS',
33 verbose headers   'x-cache-hits': '0',
33 verbose headers   'x-timer': 'S1464593818.446315,VS0,VE850',
33 verbose headers   vary: 'Accept-Encoding' }
34 verbose request invalidating /Users/staging/.npm/registry.npmjs.org/localhost-server on PUT
35 error publish Failed PUT 403
36 verbose stack Error: "You cannot publish over the previously published version 1.7.0." : localhost-server
36 verbose stack     at makeError (/usr/local/lib/node_modules/npm/node_modules/npm-registry-client/lib/request.js:264:12)
36 verbose stack     at CachingRegistryClient.<anonymous> (/usr/local/lib/node_modules/npm/node_modules/npm-registry-client/lib/request.js:252:14)
36 verbose stack     at Request._callback (/usr/local/lib/node_modules/npm/node_modules/npm-registry-client/lib/request.js:172:14)
36 verbose stack     at Request.self.callback (/usr/local/lib/node_modules/npm/node_modules/request/request.js:198:22)
36 verbose stack     at emitTwo (events.js:87:13)
36 verbose stack     at Request.emit (events.js:172:7)
36 verbose stack     at Request.<anonymous> (/usr/local/lib/node_modules/npm/node_modules/request/request.js:1082:10)
36 verbose stack     at emitOne (events.js:82:20)
36 verbose stack     at Request.emit (events.js:169:7)
36 verbose stack     at IncomingMessage.<anonymous> (/usr/local/lib/node_modules/npm/node_modules/request/request.js:1009:12)
37 verbose statusCode 403
38 verbose pkgid localhost-server
39 verbose cwd /Users/staging/Desktop/web_/nodejs/npm/localhost-server
40 error Darwin 14.5.0
41 error argv "/usr/local/bin/node" "/usr/local/bin/npm" "publish"
42 error node v5.0.0
43 error npm  v3.3.9
44 error code E403
45 error "You cannot publish over the previously published version 1.7.0." : localhost-server
46 error If you need help, you may report this error at:
46 error     <https://github.com/npm/npm/issues>
47 verbose exit [ 1, true ]
